# Logfile created on 2014-01-25 23:27:52 -0200 by logger.rb/44203
I, [2014-01-25T23:27:52.249266 #88994]  INFO -- : 0:  rake (10.1.1) from /Users/fredguth/.rvm/gems/ruby-2.1.0/specifications/rake-10.1.1.gemspec
I, [2014-01-25T23:27:52.457840 #88994]  INFO -- : 0:  i18n (0.6.9) from /Users/fredguth/.rvm/gems/ruby-2.1.0@global/specifications/i18n-0.6.9.gemspec
I, [2014-01-25T23:27:52.458233 #88994]  INFO -- : 0:  minitest (4.7.5) from /Users/fredguth/.rvm/rubies/ruby-2.1.0/lib/ruby/gems/2.1.0/specifications/default/minitest-4.7.5.gemspec
I, [2014-01-25T23:27:52.458939 #88994]  INFO -- : 0:  multi_json (1.8.4) from /Users/fredguth/.rvm/gems/ruby-2.1.0/specifications/multi_json-1.8.4.gemspec
I, [2014-01-25T23:27:52.459859 #88994]  INFO -- : 0:  atomic (1.1.14) from /Users/fredguth/.rvm/gems/ruby-2.1.0@global/specifications/atomic-1.1.14.gemspec
I, [2014-01-25T23:27:52.460363 #88994]  INFO -- : 0:  thread_safe (0.1.3) from /Users/fredguth/.rvm/gems/ruby-2.1.0@global/specifications/thread_safe-0.1.3.gemspec
I, [2014-01-25T23:27:52.460787 #88994]  INFO -- : 0:  tzinfo (0.3.38) from /Users/fredguth/.rvm/gems/ruby-2.1.0@global/specifications/tzinfo-0.3.38.gemspec
I, [2014-01-25T23:27:52.461219 #88994]  INFO -- : 0:  activesupport (4.0.2) from /Users/fredguth/.rvm/gems/ruby-2.1.0@global/specifications/activesupport-4.0.2.gemspec
I, [2014-01-25T23:27:52.461628 #88994]  INFO -- : 0:  builder (3.1.4) from /Users/fredguth/.rvm/gems/ruby-2.1.0@global/specifications/builder-3.1.4.gemspec
I, [2014-01-25T23:27:52.462034 #88994]  INFO -- : 0:  erubis (2.7.0) from /Users/fredguth/.rvm/gems/ruby-2.1.0@global/specifications/erubis-2.7.0.gemspec
I, [2014-01-25T23:27:52.462508 #88994]  INFO -- : 0:  rack (1.5.2) from /Users/fredguth/.rvm/gems/ruby-2.1.0@global/specifications/rack-1.5.2.gemspec
I, [2014-01-25T23:27:52.462964 #88994]  INFO -- : 0:  rack-test (0.6.2) from /Users/fredguth/.rvm/gems/ruby-2.1.0@global/specifications/rack-test-0.6.2.gemspec
I, [2014-01-25T23:27:52.463413 #88994]  INFO -- : 0:  actionpack (4.0.2) from /Users/fredguth/.rvm/gems/ruby-2.1.0@global/specifications/actionpack-4.0.2.gemspec
I, [2014-01-25T23:27:52.463872 #88994]  INFO -- : 0:  mime-types (1.25.1) from /Users/fredguth/.rvm/gems/ruby-2.1.0@global/specifications/mime-types-1.25.1.gemspec
I, [2014-01-25T23:27:52.464308 #88994]  INFO -- : 0:  polyglot (0.3.3) from /Users/fredguth/.rvm/gems/ruby-2.1.0@global/specifications/polyglot-0.3.3.gemspec
I, [2014-01-25T23:27:52.464789 #88994]  INFO -- : 0:  treetop (1.4.15) from /Users/fredguth/.rvm/gems/ruby-2.1.0@global/specifications/treetop-1.4.15.gemspec
I, [2014-01-25T23:27:52.465257 #88994]  INFO -- : 0:  mail (2.5.4) from /Users/fredguth/.rvm/gems/ruby-2.1.0@global/specifications/mail-2.5.4.gemspec
I, [2014-01-25T23:27:52.465753 #88994]  INFO -- : 0:  actionmailer (4.0.2) from /Users/fredguth/.rvm/gems/ruby-2.1.0@global/specifications/actionmailer-4.0.2.gemspec
I, [2014-01-25T23:27:52.466225 #88994]  INFO -- : 0:  activemodel (4.0.2) from /Users/fredguth/.rvm/gems/ruby-2.1.0@global/specifications/activemodel-4.0.2.gemspec
I, [2014-01-25T23:27:52.466669 #88994]  INFO -- : 0:  activerecord-deprecated_finders (1.0.3) from /Users/fredguth/.rvm/gems/ruby-2.1.0@global/specifications/activerecord-deprecated_finders-1.0.3.gemspec
I, [2014-01-25T23:27:52.467366 #88994]  INFO -- : 0:  arel (4.0.1) from /Users/fredguth/.rvm/gems/ruby-2.1.0@global/specifications/arel-4.0.1.gemspec
I, [2014-01-25T23:27:52.468008 #88994]  INFO -- : 0:  activerecord (4.0.2) from /Users/fredguth/.rvm/gems/ruby-2.1.0@global/specifications/activerecord-4.0.2.gemspec
I, [2014-01-25T23:27:52.468546 #88994]  INFO -- : 0:  bundler (1.5.1) from /Users/fredguth/.rvm/gems/ruby-2.1.0@global/specifications/bundler-1.5.1.gemspec
I, [2014-01-25T23:27:52.469025 #88994]  INFO -- : 0:  thor (0.18.1) from /Users/fredguth/.rvm/gems/ruby-2.1.0@global/specifications/thor-0.18.1.gemspec
I, [2014-01-25T23:27:52.469750 #88994]  INFO -- : 0:  railties (4.0.2) from /Users/fredguth/.rvm/gems/ruby-2.1.0@global/specifications/railties-4.0.2.gemspec
I, [2014-01-25T23:27:52.470257 #88994]  INFO -- : 0:  hike (1.2.3) from /Users/fredguth/.rvm/gems/ruby-2.1.0@global/specifications/hike-1.2.3.gemspec
I, [2014-01-25T23:27:52.470726 #88994]  INFO -- : 0:  tilt (1.4.1) from /Users/fredguth/.rvm/gems/ruby-2.1.0@global/specifications/tilt-1.4.1.gemspec
I, [2014-01-25T23:27:52.471177 #88994]  INFO -- : 0:  sprockets (2.10.1) from /Users/fredguth/.rvm/gems/ruby-2.1.0@global/specifications/sprockets-2.10.1.gemspec
I, [2014-01-25T23:27:52.471815 #88994]  INFO -- : 0:  sprockets-rails (2.0.1) from /Users/fredguth/.rvm/gems/ruby-2.1.0@global/specifications/sprockets-rails-2.0.1.gemspec
I, [2014-01-25T23:27:52.472264 #88994]  INFO -- : 0:  rails (4.0.2) from /Users/fredguth/.rvm/gems/ruby-2.1.0@global/specifications/rails-4.0.2.gemspec
I, [2014-01-25T23:27:52.472934 #88994]  INFO -- : 0:  acts-as-taggable-on (3.0.0) from /Users/fredguth/.rvm/gems/ruby-2.1.0/specifications/acts-as-taggable-on-3.0.0.gemspec
I, [2014-01-25T23:27:52.473308 #88994]  INFO -- : 0:  addressable (2.3.5) from /Users/fredguth/.rvm/gems/ruby-2.1.0/specifications/addressable-2.3.5.gemspec
I, [2014-01-25T23:27:52.473759 #88994]  INFO -- : 0:  awesome_nested_fields (0.6.4) from /Users/fredguth/.rvm/gems/ruby-2.1.0/specifications/awesome_nested_fields-0.6.4.gemspec
I, [2014-01-25T23:27:52.474199 #88994]  INFO -- : 0:  bcrypt-ruby (3.1.2) from /Users/fredguth/.rvm/gems/ruby-2.1.0/specifications/bcrypt-ruby-3.1.2.gemspec
I, [2014-01-25T23:27:52.474583 #88994]  INFO -- : 0:  coderay (1.1.0) from /Users/fredguth/.rvm/gems/ruby-2.1.0/specifications/coderay-1.1.0.gemspec
I, [2014-01-25T23:27:52.474987 #88994]  INFO -- : 0:  coffee-script-source (1.6.3) from /Users/fredguth/.rvm/gems/ruby-2.1.0/specifications/coffee-script-source-1.6.3.gemspec
I, [2014-01-25T23:27:52.475603 #88994]  INFO -- : 0:  execjs (2.0.2) from /Users/fredguth/.rvm/gems/ruby-2.1.0/specifications/execjs-2.0.2.gemspec
I, [2014-01-25T23:27:52.476040 #88994]  INFO -- : 0:  coffee-script (2.2.0) from /Users/fredguth/.rvm/gems/ruby-2.1.0/specifications/coffee-script-2.2.0.gemspec
I, [2014-01-25T23:27:52.476507 #88994]  INFO -- : 0:  coffee-rails (4.0.1) from /Users/fredguth/.rvm/gems/ruby-2.1.0/specifications/coffee-rails-4.0.1.gemspec
I, [2014-01-25T23:27:52.476959 #88994]  INFO -- : 0:  commonjs (0.2.7) from /Users/fredguth/.rvm/gems/ruby-2.1.0/specifications/commonjs-0.2.7.gemspec
I, [2014-01-25T23:27:56.162468 #88994]  INFO -- : 0:  delayed_job (4.0.0) from /Users/fredguth/.rvm/gems/ruby-2.1.0/specifications/delayed_job-4.0.0.gemspec
I, [2014-01-25T23:27:58.333703 #88994]  INFO -- : 0:  delayed_job_active_record (4.0.0) from /Users/fredguth/.rvm/gems/ruby-2.1.0/specifications/delayed_job_active_record-4.0.0.gemspec
I, [2014-01-25T23:27:58.335330 #88994]  INFO -- : 0:  orm_adapter (0.5.0) from /Users/fredguth/.rvm/gems/ruby-2.1.0/specifications/orm_adapter-0.5.0.gemspec
I, [2014-01-25T23:27:58.335721 #88994]  INFO -- : 0:  warden (1.2.3) from /Users/fredguth/.rvm/gems/ruby-2.1.0/specifications/warden-1.2.3.gemspec
I, [2014-01-25T23:27:58.336074 #88994]  INFO -- : 0:  devise (3.2.2) from /Users/fredguth/.rvm/gems/ruby-2.1.0/specifications/devise-3.2.2.gemspec
I, [2014-01-25T23:27:58.336435 #88994]  INFO -- : 0:  multipart-post (2.0.0) from /Users/fredguth/.rvm/gems/ruby-2.1.0/specifications/multipart-post-2.0.0.gemspec
I, [2014-01-25T23:27:58.336796 #88994]  INFO -- : 0:  faraday (0.9.0) from /Users/fredguth/.rvm/gems/ruby-2.1.0/specifications/faraday-0.9.0.gemspec
I, [2014-01-25T23:27:58.337144 #88994]  INFO -- : 0:  hashie (2.0.5) from /Users/fredguth/.rvm/gems/ruby-2.1.0/specifications/hashie-2.0.5.gemspec
I, [2014-01-25T23:27:58.337516 #88994]  INFO -- : 0:  httpauth (0.2.0) from /Users/fredguth/.rvm/gems/ruby-2.1.0/specifications/httpauth-0.2.0.gemspec
I, [2014-01-25T23:27:58.337859 #88994]  INFO -- : 0:  jbuilder (1.5.3) from /Users/fredguth/.rvm/gems/ruby-2.1.0/specifications/jbuilder-1.5.3.gemspec
I, [2014-01-25T23:27:58.338192 #88994]  INFO -- : 0:  jquery-rails (3.0.4) from /Users/fredguth/.rvm/gems/ruby-2.1.0/specifications/jquery-rails-3.0.4.gemspec
I, [2014-01-25T23:27:58.338534 #88994]  INFO -- : 0:  jquery-ui-bootstrap-rails (0.0.2) from /Users/fredguth/.rvm/gems/ruby-2.1.0/specifications/jquery-ui-bootstrap-rails-0.0.2.gemspec
I, [2014-01-25T23:27:58.338894 #88994]  INFO -- : 0:  json (1.8.1) from /Users/fredguth/.rvm/rubies/ruby-2.1.0/lib/ruby/gems/2.1.0/specifications/default/json-1.8.1.gemspec
I, [2014-01-25T23:27:58.339358 #88994]  INFO -- : 0:  jwt (0.1.10) from /Users/fredguth/.rvm/gems/ruby-2.1.0/specifications/jwt-0.1.10.gemspec
I, [2014-01-25T23:27:58.339726 #88994]  INFO -- : 0:  kaminari (0.15.1) from /Users/fredguth/.rvm/gems/ruby-2.1.0/specifications/kaminari-0.15.1.gemspec
I, [2014-01-25T23:27:58.340035 #88994]  INFO -- : 0:  koala (1.8.0rc1) from /Users/fredguth/.rvm/gems/ruby-2.1.0/specifications/koala-1.8.0rc1.gemspec
I, [2014-01-25T23:27:58.340323 #88994]  INFO -- : 0:  less (2.4.0) from /Users/fredguth/.rvm/gems/ruby-2.1.0/specifications/less-2.4.0.gemspec
I, [2014-01-25T23:27:58.340624 #88994]  INFO -- : 0:  less-rails (2.4.2) from /Users/fredguth/.rvm/gems/ruby-2.1.0/specifications/less-rails-2.4.2.gemspec
I, [2014-01-25T23:27:58.340947 #88994]  INFO -- : 0:  libv8 (3.16.14.3) from /Users/fredguth/.rvm/gems/ruby-2.1.0/specifications/libv8-3.16.14.3-x86_64-darwin-12.gemspec
I, [2014-01-25T23:27:58.341252 #88994]  INFO -- : 0:  method_source (0.8.2) from /Users/fredguth/.rvm/gems/ruby-2.1.0/specifications/method_source-0.8.2.gemspec
I, [2014-01-25T23:27:58.341563 #88994]  INFO -- : 0:  nested_form (0.3.2) from /Users/fredguth/.rvm/gems/ruby-2.1.0/specifications/nested_form-0.3.2.gemspec
I, [2014-01-25T23:27:58.341867 #88994]  INFO -- : 0:  oauth2 (0.8.1) from /Users/fredguth/.rvm/gems/ruby-2.1.0/specifications/oauth2-0.8.1.gemspec
I, [2014-01-25T23:27:58.342177 #88994]  INFO -- : 0:  omniauth (1.2.1) from /Users/fredguth/.rvm/gems/ruby-2.1.0/specifications/omniauth-1.2.1.gemspec
I, [2014-01-25T23:27:58.342478 #88994]  INFO -- : 0:  omniauth-oauth2 (1.0.3) from /Users/fredguth/.rvm/gems/ruby-2.1.0/specifications/omniauth-oauth2-1.0.3.gemspec
I, [2014-01-25T23:27:58.343193 #88994]  INFO -- : 0:  omniauth-facebook (1.4.0) from /Users/fredguth/.rvm/gems/ruby-2.1.0/specifications/omniauth-facebook-1.4.0.gemspec
I, [2014-01-25T23:27:58.343564 #88994]  INFO -- : 0:  pg (0.17.1) from /Users/fredguth/.rvm/gems/ruby-2.1.0/specifications/pg-0.17.1.gemspec
I, [2014-01-25T23:27:58.343930 #88994]  INFO -- : 0:  protected_attributes (1.0.5) from /Users/fredguth/.rvm/gems/ruby-2.1.0/specifications/protected_attributes-1.0.5.gemspec
I, [2014-01-25T23:27:58.344282 #88994]  INFO -- : 0:  slop (3.4.7) from /Users/fredguth/.rvm/gems/ruby-2.1.0/specifications/slop-3.4.7.gemspec
I, [2014-01-25T23:27:58.344625 #88994]  INFO -- : 0:  pry (0.9.12.4) from /Users/fredguth/.rvm/gems/ruby-2.1.0/specifications/pry-0.9.12.4.gemspec
I, [2014-01-25T23:27:58.344969 #88994]  INFO -- : 0:  rails-i18n (4.0.1) from /Users/fredguth/.rvm/gems/ruby-2.1.0/specifications/rails-i18n-4.0.1.gemspec
I, [2014-01-25T23:27:58.345298 #88994]  INFO -- : 0:  rails_serve_static_assets (0.0.2) from /Users/fredguth/.rvm/gems/ruby-2.1.0/specifications/rails_serve_static_assets-0.0.2.gemspec
I, [2014-01-25T23:27:58.345602 #88994]  INFO -- : 0:  rails_stdout_logging (0.0.3) from /Users/fredguth/.rvm/gems/ruby-2.1.0/specifications/rails_stdout_logging-0.0.3.gemspec
I, [2014-01-25T23:27:58.345965 #88994]  INFO -- : 0:  rails_12factor (0.0.2) from /Users/fredguth/.rvm/gems/ruby-2.1.0/specifications/rails_12factor-0.0.2.gemspec
I, [2014-01-25T23:27:58.346325 #88994]  INFO -- : 0:  rdoc (4.1.1) from /Users/fredguth/.rvm/gems/ruby-2.1.0/specifications/rdoc-4.1.1.gemspec
I, [2014-01-25T23:27:58.346708 #88994]  INFO -- : 0:  ref (1.0.5) from /Users/fredguth/.rvm/gems/ruby-2.1.0/specifications/ref-1.0.5.gemspec
I, [2014-01-25T23:28:00.518087 #88994]  INFO -- : 0:  rename (1.0.2) from /Users/fredguth/.rvm/gems/ruby-2.1.0/specifications/rename-1.0.2.gemspec
I, [2014-01-25T23:28:00.518597 #88994]  INFO -- : 0:  sass (3.2.13) from /Users/fredguth/.rvm/gems/ruby-2.1.0/specifications/sass-3.2.13.gemspec
I, [2014-01-25T23:28:00.519145 #88994]  INFO -- : 0:  sass-rails (4.0.1) from /Users/fredguth/.rvm/gems/ruby-2.1.0/specifications/sass-rails-4.0.1.gemspec
I, [2014-01-25T23:28:00.519657 #88994]  INFO -- : 0:  sdoc (0.4.0) from /Users/fredguth/.rvm/gems/ruby-2.1.0/specifications/sdoc-0.4.0.gemspec
I, [2014-01-25T23:28:00.520114 #88994]  INFO -- : 0:  seed_dump (3.1.0) from /Users/fredguth/.rvm/gems/ruby-2.1.0/specifications/seed_dump-3.1.0.gemspec
I, [2014-01-25T23:28:00.520567 #88994]  INFO -- : 0:  select2-rails (3.5.2) from /Users/fredguth/.rvm/gems/ruby-2.1.0/specifications/select2-rails-3.5.2.gemspec
I, [2014-01-25T23:28:00.521002 #88994]  INFO -- : 0:  therubyracer (0.12.0) from /Users/fredguth/.rvm/gems/ruby-2.1.0/specifications/therubyracer-0.12.0.gemspec
I, [2014-01-25T23:28:00.521536 #88994]  INFO -- : 0:  twitter-bootstrap-rails (2.2.8) from /Users/fredguth/.rvm/gems/ruby-2.1.0/specifications/twitter-bootstrap-rails-2.2.8.gemspec
I, [2014-01-25T23:28:00.522027 #88994]  INFO -- : 0:  uglifier (2.4.0) from /Users/fredguth/.rvm/gems/ruby-2.1.0/specifications/uglifier-2.4.0.gemspec
I, [2014-01-25T23:28:00.539975 #88994]  INFO -- : 0:  url2png (0.1.2) from /Users/fredguth/.rvm/gems/ruby-2.1.0/bundler/gems/url2png-gem-061e31cba205/url2png.gemspec
I, [2014-01-27T14:18:00.415246 #2057]  INFO -- : 0:  rake (10.1.1) from /Users/fredguth/.rvm/gems/ruby-2.1.0/specifications/rake-10.1.1.gemspec
I, [2014-01-27T14:18:00.441133 #2057]  INFO -- : 0:  i18n (0.6.9) from /Users/fredguth/.rvm/gems/ruby-2.1.0@global/specifications/i18n-0.6.9.gemspec
I, [2014-01-27T14:18:00.442008 #2057]  INFO -- : 0:  minitest (4.7.5) from /Users/fredguth/.rvm/rubies/ruby-2.1.0/lib/ruby/gems/2.1.0/specifications/default/minitest-4.7.5.gemspec
I, [2014-01-27T14:18:00.442725 #2057]  INFO -- : 0:  multi_json (1.8.4) from /Users/fredguth/.rvm/gems/ruby-2.1.0/specifications/multi_json-1.8.4.gemspec
I, [2014-01-27T14:18:00.443301 #2057]  INFO -- : 0:  atomic (1.1.14) from /Users/fredguth/.rvm/gems/ruby-2.1.0@global/specifications/atomic-1.1.14.gemspec
I, [2014-01-27T14:18:00.443812 #2057]  INFO -- : 0:  thread_safe (0.1.3) from /Users/fredguth/.rvm/gems/ruby-2.1.0@global/specifications/thread_safe-0.1.3.gemspec
I, [2014-01-27T14:18:00.444316 #2057]  INFO -- : 0:  tzinfo (0.3.38) from /Users/fredguth/.rvm/gems/ruby-2.1.0@global/specifications/tzinfo-0.3.38.gemspec
I, [2014-01-27T14:18:00.444887 #2057]  INFO -- : 0:  activesupport (4.0.2) from /Users/fredguth/.rvm/gems/ruby-2.1.0@global/specifications/activesupport-4.0.2.gemspec
I, [2014-01-27T14:18:00.445498 #2057]  INFO -- : 0:  builder (3.1.4) from /Users/fredguth/.rvm/gems/ruby-2.1.0@global/specifications/builder-3.1.4.gemspec
I, [2014-01-27T14:18:00.446061 #2057]  INFO -- : 0:  erubis (2.7.0) from /Users/fredguth/.rvm/gems/ruby-2.1.0@global/specifications/erubis-2.7.0.gemspec
I, [2014-01-27T14:18:00.446584 #2057]  INFO -- : 0:  rack (1.5.2) from /Users/fredguth/.rvm/gems/ruby-2.1.0@global/specifications/rack-1.5.2.gemspec
I, [2014-01-27T14:18:00.447122 #2057]  INFO -- : 0:  rack-test (0.6.2) from /Users/fredguth/.rvm/gems/ruby-2.1.0@global/specifications/rack-test-0.6.2.gemspec
I, [2014-01-27T14:18:00.447566 #2057]  INFO -- : 0:  actionpack (4.0.2) from /Users/fredguth/.rvm/gems/ruby-2.1.0@global/specifications/actionpack-4.0.2.gemspec
I, [2014-01-27T14:18:00.448056 #2057]  INFO -- : 0:  mime-types (1.25.1) from /Users/fredguth/.rvm/gems/ruby-2.1.0@global/specifications/mime-types-1.25.1.gemspec
I, [2014-01-27T14:18:00.448524 #2057]  INFO -- : 0:  polyglot (0.3.3) from /Users/fredguth/.rvm/gems/ruby-2.1.0@global/specifications/polyglot-0.3.3.gemspec
I, [2014-01-27T14:18:00.449505 #2057]  INFO -- : 0:  treetop (1.4.15) from /Users/fredguth/.rvm/gems/ruby-2.1.0@global/specifications/treetop-1.4.15.gemspec
I, [2014-01-27T14:18:00.450142 #2057]  INFO -- : 0:  mail (2.5.4) from /Users/fredguth/.rvm/gems/ruby-2.1.0@global/specifications/mail-2.5.4.gemspec
I, [2014-01-27T14:18:00.450628 #2057]  INFO -- : 0:  actionmailer (4.0.2) from /Users/fredguth/.rvm/gems/ruby-2.1.0@global/specifications/actionmailer-4.0.2.gemspec
I, [2014-01-27T14:18:00.451148 #2057]  INFO -- : 0:  activemodel (4.0.2) from /Users/fredguth/.rvm/gems/ruby-2.1.0@global/specifications/activemodel-4.0.2.gemspec
I, [2014-01-27T14:18:00.451617 #2057]  INFO -- : 0:  activerecord-deprecated_finders (1.0.3) from /Users/fredguth/.rvm/gems/ruby-2.1.0@global/specifications/activerecord-deprecated_finders-1.0.3.gemspec
I, [2014-01-27T14:18:00.452002 #2057]  INFO -- : 0:  arel (4.0.1) from /Users/fredguth/.rvm/gems/ruby-2.1.0@global/specifications/arel-4.0.1.gemspec
I, [2014-01-27T14:18:00.452426 #2057]  INFO -- : 0:  activerecord (4.0.2) from /Users/fredguth/.rvm/gems/ruby-2.1.0@global/specifications/activerecord-4.0.2.gemspec
I, [2014-01-27T14:18:00.452813 #2057]  INFO -- : 0:  bundler (1.5.1) from /Users/fredguth/.rvm/gems/ruby-2.1.0@global/specifications/bundler-1.5.1.gemspec
I, [2014-01-27T14:18:00.453201 #2057]  INFO -- : 0:  thor (0.18.1) from /Users/fredguth/.rvm/gems/ruby-2.1.0@global/specifications/thor-0.18.1.gemspec
I, [2014-01-27T14:18:00.453613 #2057]  INFO -- : 0:  railties (4.0.2) from /Users/fredguth/.rvm/gems/ruby-2.1.0@global/specifications/railties-4.0.2.gemspec
I, [2014-01-27T14:18:00.454029 #2057]  INFO -- : 0:  hike (1.2.3) from /Users/fredguth/.rvm/gems/ruby-2.1.0@global/specifications/hike-1.2.3.gemspec
I, [2014-01-27T14:18:00.454394 #2057]  INFO -- : 0:  tilt (1.4.1) from /Users/fredguth/.rvm/gems/ruby-2.1.0@global/specifications/tilt-1.4.1.gemspec
I, [2014-01-27T14:18:00.454750 #2057]  INFO -- : 0:  sprockets (2.10.1) from /Users/fredguth/.rvm/gems/ruby-2.1.0@global/specifications/sprockets-2.10.1.gemspec
I, [2014-01-27T14:18:00.455103 #2057]  INFO -- : 0:  sprockets-rails (2.0.1) from /Users/fredguth/.rvm/gems/ruby-2.1.0@global/specifications/sprockets-rails-2.0.1.gemspec
I, [2014-01-27T14:18:00.455490 #2057]  INFO -- : 0:  rails (4.0.2) from /Users/fredguth/.rvm/gems/ruby-2.1.0@global/specifications/rails-4.0.2.gemspec
I, [2014-01-27T14:18:04.027792 #2057]  INFO -- : 0:  acts-as-taggable-on (3.0.1) from /Users/fredguth/.rvm/gems/ruby-2.1.0/specifications/acts-as-taggable-on-3.0.1.gemspec
I, [2014-01-27T14:18:04.028464 #2057]  INFO -- : 0:  addressable (2.3.5) from /Users/fredguth/.rvm/gems/ruby-2.1.0/specifications/addressable-2.3.5.gemspec
I, [2014-01-27T14:18:04.028926 #2057]  INFO -- : 0:  awesome_nested_fields (0.6.4) from /Users/fredguth/.rvm/gems/ruby-2.1.0/specifications/awesome_nested_fields-0.6.4.gemspec
I, [2014-01-27T14:18:04.029756 #2057]  INFO -- : 0:  bcrypt-ruby (3.1.2) from /Users/fredguth/.rvm/gems/ruby-2.1.0/specifications/bcrypt-ruby-3.1.2.gemspec
I, [2014-01-27T14:18:04.030267 #2057]  INFO -- : 0:  coderay (1.1.0) from /Users/fredguth/.rvm/gems/ruby-2.1.0/specifications/coderay-1.1.0.gemspec
I, [2014-01-27T14:18:04.030744 #2057]  INFO -- : 0:  coffee-script-source (1.6.3) from /Users/fredguth/.rvm/gems/ruby-2.1.0/specifications/coffee-script-source-1.6.3.gemspec
I, [2014-01-27T14:18:04.031210 #2057]  INFO -- : 0:  execjs (2.0.2) from /Users/fredguth/.rvm/gems/ruby-2.1.0/specifications/execjs-2.0.2.gemspec
I, [2014-01-27T14:18:04.031630 #2057]  INFO -- : 0:  coffee-script (2.2.0) from /Users/fredguth/.rvm/gems/ruby-2.1.0/specifications/coffee-script-2.2.0.gemspec
I, [2014-01-27T14:18:04.032051 #2057]  INFO -- : 0:  coffee-rails (4.0.1) from /Users/fredguth/.rvm/gems/ruby-2.1.0/specifications/coffee-rails-4.0.1.gemspec
I, [2014-01-27T14:18:04.032890 #2057]  INFO -- : 0:  commonjs (0.2.7) from /Users/fredguth/.rvm/gems/ruby-2.1.0/specifications/commonjs-0.2.7.gemspec
I, [2014-01-27T14:18:04.033460 #2057]  INFO -- : 0:  delayed_job (4.0.0) from /Users/fredguth/.rvm/gems/ruby-2.1.0/specifications/delayed_job-4.0.0.gemspec
I, [2014-01-27T14:18:04.033823 #2057]  INFO -- : 0:  delayed_job_active_record (4.0.0) from /Users/fredguth/.rvm/gems/ruby-2.1.0/specifications/delayed_job_active_record-4.0.0.gemspec
I, [2014-01-27T14:18:04.034194 #2057]  INFO -- : 0:  orm_adapter (0.5.0) from /Users/fredguth/.rvm/gems/ruby-2.1.0/specifications/orm_adapter-0.5.0.gemspec
I, [2014-01-27T14:18:04.034564 #2057]  INFO -- : 0:  warden (1.2.3) from /Users/fredguth/.rvm/gems/ruby-2.1.0/specifications/warden-1.2.3.gemspec
I, [2014-01-27T14:18:04.034954 #2057]  INFO -- : 0:  devise (3.2.2) from /Users/fredguth/.rvm/gems/ruby-2.1.0/specifications/devise-3.2.2.gemspec
I, [2014-01-27T14:18:04.035293 #2057]  INFO -- : 0:  multipart-post (2.0.0) from /Users/fredguth/.rvm/gems/ruby-2.1.0/specifications/multipart-post-2.0.0.gemspec
I, [2014-01-27T14:18:04.035621 #2057]  INFO -- : 0:  faraday (0.9.0) from /Users/fredguth/.rvm/gems/ruby-2.1.0/specifications/faraday-0.9.0.gemspec
I, [2014-01-27T14:18:04.035969 #2057]  INFO -- : 0:  hashie (2.0.5) from /Users/fredguth/.rvm/gems/ruby-2.1.0/specifications/hashie-2.0.5.gemspec
I, [2014-01-27T14:18:04.036496 #2057]  INFO -- : 0:  jbuilder (1.5.3) from /Users/fredguth/.rvm/gems/ruby-2.1.0/specifications/jbuilder-1.5.3.gemspec
I, [2014-01-27T14:18:04.036949 #2057]  INFO -- : 0:  jquery-rails (3.0.4) from /Users/fredguth/.rvm/gems/ruby-2.1.0/specifications/jquery-rails-3.0.4.gemspec
I, [2014-01-27T14:18:04.037268 #2057]  INFO -- : 0:  jquery-ui-bootstrap-rails (0.0.2) from /Users/fredguth/.rvm/gems/ruby-2.1.0/specifications/jquery-ui-bootstrap-rails-0.0.2.gemspec
I, [2014-01-27T14:18:04.037567 #2057]  INFO -- : 0:  json (1.8.1) from /Users/fredguth/.rvm/rubies/ruby-2.1.0/lib/ruby/gems/2.1.0/specifications/default/json-1.8.1.gemspec
I, [2014-01-27T14:18:06.069094 #2057]  INFO -- : 0:  jwt (0.1.11) from /Users/fredguth/.rvm/gems/ruby-2.1.0/specifications/jwt-0.1.11.gemspec
I, [2014-01-27T14:18:06.069969 #2057]  INFO -- : 0:  kaminari (0.15.1) from /Users/fredguth/.rvm/gems/ruby-2.1.0/specifications/kaminari-0.15.1.gemspec
I, [2014-01-27T14:18:09.347798 #2057]  INFO -- : 0:  koala (1.8.0) from /Users/fredguth/.rvm/gems/ruby-2.1.0/specifications/koala-1.8.0.gemspec
I, [2014-01-27T14:18:09.348565 #2057]  INFO -- : 0:  less (2.4.0) from /Users/fredguth/.rvm/gems/ruby-2.1.0/specifications/less-2.4.0.gemspec
I, [2014-01-27T14:18:09.349056 #2057]  INFO -- : 0:  less-rails (2.4.2) from /Users/fredguth/.rvm/gems/ruby-2.1.0/specifications/less-rails-2.4.2.gemspec
I, [2014-01-27T14:18:09.349658 #2057]  INFO -- : 0:  libv8 (3.16.14.3) from /Users/fredguth/.rvm/gems/ruby-2.1.0/specifications/libv8-3.16.14.3-x86_64-darwin-12.gemspec
I, [2014-01-27T14:18:09.350153 #2057]  INFO -- : 0:  method_source (0.8.2) from /Users/fredguth/.rvm/gems/ruby-2.1.0/specifications/method_source-0.8.2.gemspec
I, [2014-01-27T14:18:09.350723 #2057]  INFO -- : 0:  multi_xml (0.5.5) from /Users/fredguth/.rvm/gems/ruby-2.1.0/specifications/multi_xml-0.5.5.gemspec
I, [2014-01-27T14:18:09.351369 #2057]  INFO -- : 0:  nested_form (0.3.2) from /Users/fredguth/.rvm/gems/ruby-2.1.0/specifications/nested_form-0.3.2.gemspec
I, [2014-01-27T14:18:11.307683 #2057]  INFO -- : 0:  oauth2 (0.9.3) from /Users/fredguth/.rvm/gems/ruby-2.1.0/specifications/oauth2-0.9.3.gemspec
I, [2014-01-27T14:18:11.308401 #2057]  INFO -- : 0:  omniauth (1.2.1) from /Users/fredguth/.rvm/gems/ruby-2.1.0/specifications/omniauth-1.2.1.gemspec
I, [2014-01-27T14:18:13.265449 #2057]  INFO -- : 0:  omniauth-oauth2 (1.1.2) from /Users/fredguth/.rvm/gems/ruby-2.1.0/specifications/omniauth-oauth2-1.1.2.gemspec
I, [2014-01-27T14:18:15.679458 #2057]  INFO -- : 0:  omniauth-facebook (1.6.0) from /Users/fredguth/.rvm/gems/ruby-2.1.0/specifications/omniauth-facebook-1.6.0.gemspec
I, [2014-01-27T14:18:15.679970 #2057]  INFO -- : 0:  pg (0.17.1) from /Users/fredguth/.rvm/gems/ruby-2.1.0/specifications/pg-0.17.1.gemspec
I, [2014-01-27T14:18:15.680461 #2057]  INFO -- : 0:  protected_attributes (1.0.5) from /Users/fredguth/.rvm/gems/ruby-2.1.0/specifications/protected_attributes-1.0.5.gemspec
I, [2014-01-27T14:18:15.681124 #2057]  INFO -- : 0:  slop (3.4.7) from /Users/fredguth/.rvm/gems/ruby-2.1.0/specifications/slop-3.4.7.gemspec
I, [2014-01-27T14:18:15.681524 #2057]  INFO -- : 0:  pry (0.9.12.4) from /Users/fredguth/.rvm/gems/ruby-2.1.0/specifications/pry-0.9.12.4.gemspec
I, [2014-01-27T14:18:15.682149 #2057]  INFO -- : 0:  rails-i18n (4.0.1) from /Users/fredguth/.rvm/gems/ruby-2.1.0/specifications/rails-i18n-4.0.1.gemspec
I, [2014-01-27T14:18:15.682624 #2057]  INFO -- : 0:  rails_serve_static_assets (0.0.2) from /Users/fredguth/.rvm/gems/ruby-2.1.0/specifications/rails_serve_static_assets-0.0.2.gemspec
I, [2014-01-27T14:18:15.683135 #2057]  INFO -- : 0:  rails_stdout_logging (0.0.3) from /Users/fredguth/.rvm/gems/ruby-2.1.0/specifications/rails_stdout_logging-0.0.3.gemspec
I, [2014-01-27T14:18:15.683540 #2057]  INFO -- : 0:  rails_12factor (0.0.2) from /Users/fredguth/.rvm/gems/ruby-2.1.0/specifications/rails_12factor-0.0.2.gemspec
I, [2014-01-27T14:18:15.683915 #2057]  INFO -- : 0:  rdoc (4.1.1) from /Users/fredguth/.rvm/gems/ruby-2.1.0/specifications/rdoc-4.1.1.gemspec
I, [2014-01-27T14:18:15.684552 #2057]  INFO -- : 0:  ref (1.0.5) from /Users/fredguth/.rvm/gems/ruby-2.1.0/specifications/ref-1.0.5.gemspec
I, [2014-01-27T14:18:15.685110 #2057]  INFO -- : 0:  rename (1.0.2) from /Users/fredguth/.rvm/gems/ruby-2.1.0/specifications/rename-1.0.2.gemspec
I, [2014-01-27T14:18:19.156688 #2057]  INFO -- : 0:  sass (3.2.14) from /Users/fredguth/.rvm/gems/ruby-2.1.0/specifications/sass-3.2.14.gemspec
I, [2014-01-27T14:18:19.157346 #2057]  INFO -- : 0:  sass-rails (4.0.1) from /Users/fredguth/.rvm/gems/ruby-2.1.0/specifications/sass-rails-4.0.1.gemspec
I, [2014-01-27T14:18:19.158312 #2057]  INFO -- : 0:  sdoc (0.4.0) from /Users/fredguth/.rvm/gems/ruby-2.1.0/specifications/sdoc-0.4.0.gemspec
I, [2014-01-27T14:18:19.158935 #2057]  INFO -- : 0:  seed_dump (3.1.0) from /Users/fredguth/.rvm/gems/ruby-2.1.0/specifications/seed_dump-3.1.0.gemspec
I, [2014-01-27T14:18:19.159495 #2057]  INFO -- : 0:  select2-rails (3.5.2) from /Users/fredguth/.rvm/gems/ruby-2.1.0/specifications/select2-rails-3.5.2.gemspec
I, [2014-01-27T14:18:19.160142 #2057]  INFO -- : 0:  therubyracer (0.12.0) from /Users/fredguth/.rvm/gems/ruby-2.1.0/specifications/therubyracer-0.12.0.gemspec
I, [2014-01-27T14:18:19.160660 #2057]  INFO -- : 0:  uglifier (2.4.0) from /Users/fredguth/.rvm/gems/ruby-2.1.0/specifications/uglifier-2.4.0.gemspec
I, [2014-01-27T14:18:19.207116 #2057]  INFO -- : 0:  url2png (0.1.2) from /Users/fredguth/.rvm/gems/ruby-2.1.0/bundler/gems/url2png-gem-061e31cba205/url2png.gemspec
I, [2014-01-27T15:57:44.423553 #4247]  INFO -- : 0:  rake (10.1.1) from /Users/fredguth/.rvm/gems/ruby-2.1.0/specifications/rake-10.1.1.gemspec
I, [2014-01-27T15:57:44.424113 #4247]  INFO -- : 0:  i18n (0.6.9) from /Users/fredguth/.rvm/gems/ruby-2.1.0@global/specifications/i18n-0.6.9.gemspec
I, [2014-01-27T15:57:44.424440 #4247]  INFO -- : 0:  minitest (4.7.5) from /Users/fredguth/.rvm/rubies/ruby-2.1.0/lib/ruby/gems/2.1.0/specifications/default/minitest-4.7.5.gemspec
I, [2014-01-27T15:57:44.424732 #4247]  INFO -- : 0:  multi_json (1.8.4) from /Users/fredguth/.rvm/gems/ruby-2.1.0/specifications/multi_json-1.8.4.gemspec
I, [2014-01-27T15:57:44.425032 #4247]  INFO -- : 0:  atomic (1.1.14) from /Users/fredguth/.rvm/gems/ruby-2.1.0@global/specifications/atomic-1.1.14.gemspec
I, [2014-01-27T15:57:44.425351 #4247]  INFO -- : 0:  thread_safe (0.1.3) from /Users/fredguth/.rvm/gems/ruby-2.1.0@global/specifications/thread_safe-0.1.3.gemspec
I, [2014-01-27T15:57:44.425657 #4247]  INFO -- : 0:  tzinfo (0.3.38) from /Users/fredguth/.rvm/gems/ruby-2.1.0@global/specifications/tzinfo-0.3.38.gemspec
I, [2014-01-27T15:57:44.425968 #4247]  INFO -- : 0:  activesupport (4.0.2) from /Users/fredguth/.rvm/gems/ruby-2.1.0@global/specifications/activesupport-4.0.2.gemspec
I, [2014-01-27T15:57:44.426270 #4247]  INFO -- : 0:  builder (3.1.4) from /Users/fredguth/.rvm/gems/ruby-2.1.0@global/specifications/builder-3.1.4.gemspec
I, [2014-01-27T15:57:44.426582 #4247]  INFO -- : 0:  erubis (2.7.0) from /Users/fredguth/.rvm/gems/ruby-2.1.0@global/specifications/erubis-2.7.0.gemspec
I, [2014-01-27T15:57:44.426902 #4247]  INFO -- : 0:  rack (1.5.2) from /Users/fredguth/.rvm/gems/ruby-2.1.0@global/specifications/rack-1.5.2.gemspec
I, [2014-01-27T15:57:44.427239 #4247]  INFO -- : 0:  rack-test (0.6.2) from /Users/fredguth/.rvm/gems/ruby-2.1.0@global/specifications/rack-test-0.6.2.gemspec
I, [2014-01-27T15:57:44.427584 #4247]  INFO -- : 0:  actionpack (4.0.2) from /Users/fredguth/.rvm/gems/ruby-2.1.0@global/specifications/actionpack-4.0.2.gemspec
I, [2014-01-27T15:57:44.427985 #4247]  INFO -- : 0:  mime-types (1.25.1) from /Users/fredguth/.rvm/gems/ruby-2.1.0@global/specifications/mime-types-1.25.1.gemspec
I, [2014-01-27T15:57:44.428316 #4247]  INFO -- : 0:  polyglot (0.3.3) from /Users/fredguth/.rvm/gems/ruby-2.1.0@global/specifications/polyglot-0.3.3.gemspec
I, [2014-01-27T15:57:44.428628 #4247]  INFO -- : 0:  treetop (1.4.15) from /Users/fredguth/.rvm/gems/ruby-2.1.0@global/specifications/treetop-1.4.15.gemspec
I, [2014-01-27T15:57:44.428950 #4247]  INFO -- : 0:  mail (2.5.4) from /Users/fredguth/.rvm/gems/ruby-2.1.0@global/specifications/mail-2.5.4.gemspec
I, [2014-01-27T15:57:44.429281 #4247]  INFO -- : 0:  actionmailer (4.0.2) from /Users/fredguth/.rvm/gems/ruby-2.1.0@global/specifications/actionmailer-4.0.2.gemspec
I, [2014-01-27T15:57:44.429578 #4247]  INFO -- : 0:  activemodel (4.0.2) from /Users/fredguth/.rvm/gems/ruby-2.1.0@global/specifications/activemodel-4.0.2.gemspec
I, [2014-01-27T15:57:44.429878 #4247]  INFO -- : 0:  activerecord-deprecated_finders (1.0.3) from /Users/fredguth/.rvm/gems/ruby-2.1.0@global/specifications/activerecord-deprecated_finders-1.0.3.gemspec
I, [2014-01-27T15:57:44.430161 #4247]  INFO -- : 0:  arel (4.0.1) from /Users/fredguth/.rvm/gems/ruby-2.1.0@global/specifications/arel-4.0.1.gemspec
I, [2014-01-27T15:57:44.430448 #4247]  INFO -- : 0:  activerecord (4.0.2) from /Users/fredguth/.rvm/gems/ruby-2.1.0@global/specifications/activerecord-4.0.2.gemspec
I, [2014-01-27T15:57:44.430730 #4247]  INFO -- : 0:  bundler (1.5.1) from /Users/fredguth/.rvm/gems/ruby-2.1.0@global/specifications/bundler-1.5.1.gemspec
I, [2014-01-27T15:57:44.431021 #4247]  INFO -- : 0:  thor (0.18.1) from /Users/fredguth/.rvm/gems/ruby-2.1.0@global/specifications/thor-0.18.1.gemspec
I, [2014-01-27T15:57:44.431324 #4247]  INFO -- : 0:  railties (4.0.2) from /Users/fredguth/.rvm/gems/ruby-2.1.0@global/specifications/railties-4.0.2.gemspec
I, [2014-01-27T15:57:44.431615 #4247]  INFO -- : 0:  hike (1.2.3) from /Users/fredguth/.rvm/gems/ruby-2.1.0@global/specifications/hike-1.2.3.gemspec
I, [2014-01-27T15:57:44.431901 #4247]  INFO -- : 0:  tilt (1.4.1) from /Users/fredguth/.rvm/gems/ruby-2.1.0@global/specifications/tilt-1.4.1.gemspec
I, [2014-01-27T15:57:44.432191 #4247]  INFO -- : 0:  sprockets (2.10.1) from /Users/fredguth/.rvm/gems/ruby-2.1.0@global/specifications/sprockets-2.10.1.gemspec
I, [2014-01-27T15:57:44.432486 #4247]  INFO -- : 0:  sprockets-rails (2.0.1) from /Users/fredguth/.rvm/gems/ruby-2.1.0@global/specifications/sprockets-rails-2.0.1.gemspec
I, [2014-01-27T15:57:44.432785 #4247]  INFO -- : 0:  rails (4.0.2) from /Users/fredguth/.rvm/gems/ruby-2.1.0@global/specifications/rails-4.0.2.gemspec
I, [2014-01-27T15:57:44.433073 #4247]  INFO -- : 0:  acts-as-taggable-on (3.0.1) from /Users/fredguth/.rvm/gems/ruby-2.1.0/specifications/acts-as-taggable-on-3.0.1.gemspec
I, [2014-01-27T15:57:44.433361 #4247]  INFO -- : 0:  addressable (2.3.5) from /Users/fredguth/.rvm/gems/ruby-2.1.0/specifications/addressable-2.3.5.gemspec
I, [2014-01-27T15:57:44.433646 #4247]  INFO -- : 0:  awesome_nested_fields (0.6.4) from /Users/fredguth/.rvm/gems/ruby-2.1.0/specifications/awesome_nested_fields-0.6.4.gemspec
I, [2014-01-27T15:57:44.433936 #4247]  INFO -- : 0:  bcrypt-ruby (3.1.2) from /Users/fredguth/.rvm/gems/ruby-2.1.0/specifications/bcrypt-ruby-3.1.2.gemspec
I, [2014-01-27T15:57:44.434219 #4247]  INFO -- : 0:  coderay (1.1.0) from /Users/fredguth/.rvm/gems/ruby-2.1.0/specifications/coderay-1.1.0.gemspec
I, [2014-01-27T15:57:44.434505 #4247]  INFO -- : 0:  coffee-script-source (1.6.3) from /Users/fredguth/.rvm/gems/ruby-2.1.0/specifications/coffee-script-source-1.6.3.gemspec
I, [2014-01-27T15:57:44.434787 #4247]  INFO -- : 0:  execjs (2.0.2) from /Users/fredguth/.rvm/gems/ruby-2.1.0/specifications/execjs-2.0.2.gemspec
I, [2014-01-27T15:57:44.435069 #4247]  INFO -- : 0:  coffee-script (2.2.0) from /Users/fredguth/.rvm/gems/ruby-2.1.0/specifications/coffee-script-2.2.0.gemspec
I, [2014-01-27T15:57:44.435349 #4247]  INFO -- : 0:  coffee-rails (4.0.1) from /Users/fredguth/.rvm/gems/ruby-2.1.0/specifications/coffee-rails-4.0.1.gemspec
I, [2014-01-27T15:57:44.435659 #4247]  INFO -- : 0:  commonjs (0.2.7) from /Users/fredguth/.rvm/gems/ruby-2.1.0/specifications/commonjs-0.2.7.gemspec
I, [2014-01-27T15:57:44.435935 #4247]  INFO -- : 0:  delayed_job (4.0.0) from /Users/fredguth/.rvm/gems/ruby-2.1.0/specifications/delayed_job-4.0.0.gemspec
I, [2014-01-27T15:57:44.436219 #4247]  INFO -- : 0:  delayed_job_active_record (4.0.0) from /Users/fredguth/.rvm/gems/ruby-2.1.0/specifications/delayed_job_active_record-4.0.0.gemspec
I, [2014-01-27T15:57:44.436502 #4247]  INFO -- : 0:  orm_adapter (0.5.0) from /Users/fredguth/.rvm/gems/ruby-2.1.0/specifications/orm_adapter-0.5.0.gemspec
I, [2014-01-27T15:57:44.436843 #4247]  INFO -- : 0:  warden (1.2.3) from /Users/fredguth/.rvm/gems/ruby-2.1.0/specifications/warden-1.2.3.gemspec
I, [2014-01-27T15:57:44.437200 #4247]  INFO -- : 0:  devise (3.2.2) from /Users/fredguth/.rvm/gems/ruby-2.1.0/specifications/devise-3.2.2.gemspec
I, [2014-01-27T15:57:44.437529 #4247]  INFO -- : 0:  multipart-post (2.0.0) from /Users/fredguth/.rvm/gems/ruby-2.1.0/specifications/multipart-post-2.0.0.gemspec
I, [2014-01-27T15:57:44.437828 #4247]  INFO -- : 0:  faraday (0.9.0) from /Users/fredguth/.rvm/gems/ruby-2.1.0/specifications/faraday-0.9.0.gemspec
I, [2014-01-27T15:57:44.438123 #4247]  INFO -- : 0:  hashie (2.0.5) from /Users/fredguth/.rvm/gems/ruby-2.1.0/specifications/hashie-2.0.5.gemspec
I, [2014-01-27T15:57:44.438440 #4247]  INFO -- : 0:  jbuilder (1.5.3) from /Users/fredguth/.rvm/gems/ruby-2.1.0/specifications/jbuilder-1.5.3.gemspec
I, [2014-01-27T15:57:44.438756 #4247]  INFO -- : 0:  jquery-rails (3.0.4) from /Users/fredguth/.rvm/gems/ruby-2.1.0/specifications/jquery-rails-3.0.4.gemspec
I, [2014-01-27T15:57:44.439058 #4247]  INFO -- : 0:  jquery-ui-bootstrap-rails (0.0.2) from /Users/fredguth/.rvm/gems/ruby-2.1.0/specifications/jquery-ui-bootstrap-rails-0.0.2.gemspec
I, [2014-01-27T15:57:44.439337 #4247]  INFO -- : 0:  json (1.8.1) from /Users/fredguth/.rvm/rubies/ruby-2.1.0/lib/ruby/gems/2.1.0/specifications/default/json-1.8.1.gemspec
I, [2014-01-27T15:57:44.440020 #4247]  INFO -- : 0:  jwt (0.1.11) from /Users/fredguth/.rvm/gems/ruby-2.1.0/specifications/jwt-0.1.11.gemspec
I, [2014-01-27T15:57:44.440395 #4247]  INFO -- : 0:  kaminari (0.15.1) from /Users/fredguth/.rvm/gems/ruby-2.1.0/specifications/kaminari-0.15.1.gemspec
I, [2014-01-27T15:57:44.440737 #4247]  INFO -- : 0:  koala (1.8.0) from /Users/fredguth/.rvm/gems/ruby-2.1.0/specifications/koala-1.8.0.gemspec
I, [2014-01-27T15:57:44.441056 #4247]  INFO -- : 0:  less (2.4.0) from /Users/fredguth/.rvm/gems/ruby-2.1.0/specifications/less-2.4.0.gemspec
I, [2014-01-27T15:57:44.441379 #4247]  INFO -- : 0:  less-rails (2.4.2) from /Users/fredguth/.rvm/gems/ruby-2.1.0/specifications/less-rails-2.4.2.gemspec
I, [2014-01-27T15:57:44.441701 #4247]  INFO -- : 0:  libv8 (3.16.14.3) from /Users/fredguth/.rvm/gems/ruby-2.1.0/specifications/libv8-3.16.14.3-x86_64-darwin-12.gemspec
I, [2014-01-27T15:57:44.442020 #4247]  INFO -- : 0:  method_source (0.8.2) from /Users/fredguth/.rvm/gems/ruby-2.1.0/specifications/method_source-0.8.2.gemspec
I, [2014-01-27T15:57:44.442329 #4247]  INFO -- : 0:  multi_xml (0.5.5) from /Users/fredguth/.rvm/gems/ruby-2.1.0/specifications/multi_xml-0.5.5.gemspec
I, [2014-01-27T15:57:44.442738 #4247]  INFO -- : 0:  nested_form (0.3.2) from /Users/fredguth/.rvm/gems/ruby-2.1.0/specifications/nested_form-0.3.2.gemspec
I, [2014-01-27T15:57:44.443069 #4247]  INFO -- : 0:  oauth2 (0.9.3) from /Users/fredguth/.rvm/gems/ruby-2.1.0/specifications/oauth2-0.9.3.gemspec
I, [2014-01-27T15:57:44.443394 #4247]  INFO -- : 0:  omniauth (1.2.1) from /Users/fredguth/.rvm/gems/ruby-2.1.0/specifications/omniauth-1.2.1.gemspec
I, [2014-01-27T15:57:44.443711 #4247]  INFO -- : 0:  omniauth-oauth2 (1.1.2) from /Users/fredguth/.rvm/gems/ruby-2.1.0/specifications/omniauth-oauth2-1.1.2.gemspec
I, [2014-01-27T15:57:44.444040 #4247]  INFO -- : 0:  omniauth-facebook (1.6.0) from /Users/fredguth/.rvm/gems/ruby-2.1.0/specifications/omniauth-facebook-1.6.0.gemspec
I, [2014-01-27T15:57:44.444384 #4247]  INFO -- : 0:  pg (0.17.1) from /Users/fredguth/.rvm/gems/ruby-2.1.0/specifications/pg-0.17.1.gemspec
I, [2014-01-27T15:57:44.444712 #4247]  INFO -- : 0:  protected_attributes (1.0.5) from /Users/fredguth/.rvm/gems/ruby-2.1.0/specifications/protected_attributes-1.0.5.gemspec
I, [2014-01-27T15:57:44.445030 #4247]  INFO -- : 0:  slop (3.4.7) from /Users/fredguth/.rvm/gems/ruby-2.1.0/specifications/slop-3.4.7.gemspec
I, [2014-01-27T15:57:44.445365 #4247]  INFO -- : 0:  pry (0.9.12.4) from /Users/fredguth/.rvm/gems/ruby-2.1.0/specifications/pry-0.9.12.4.gemspec
I, [2014-01-27T15:57:44.445697 #4247]  INFO -- : 0:  rails-i18n (4.0.1) from /Users/fredguth/.rvm/gems/ruby-2.1.0/specifications/rails-i18n-4.0.1.gemspec
I, [2014-01-27T15:57:44.446058 #4247]  INFO -- : 0:  rails_serve_static_assets (0.0.2) from /Users/fredguth/.rvm/gems/ruby-2.1.0/specifications/rails_serve_static_assets-0.0.2.gemspec
I, [2014-01-27T15:57:44.446377 #4247]  INFO -- : 0:  rails_stdout_logging (0.0.3) from /Users/fredguth/.rvm/gems/ruby-2.1.0/specifications/rails_stdout_logging-0.0.3.gemspec
I, [2014-01-27T15:57:44.446704 #4247]  INFO -- : 0:  rails_12factor (0.0.2) from /Users/fredguth/.rvm/gems/ruby-2.1.0/specifications/rails_12factor-0.0.2.gemspec
I, [2014-01-27T15:57:44.447037 #4247]  INFO -- : 0:  rdoc (4.1.1) from /Users/fredguth/.rvm/gems/ruby-2.1.0/specifications/rdoc-4.1.1.gemspec
I, [2014-01-27T15:57:44.447353 #4247]  INFO -- : 0:  ref (1.0.5) from /Users/fredguth/.rvm/gems/ruby-2.1.0/specifications/ref-1.0.5.gemspec
I, [2014-01-27T15:57:44.447671 #4247]  INFO -- : 0:  rename (1.0.2) from /Users/fredguth/.rvm/gems/ruby-2.1.0/specifications/rename-1.0.2.gemspec
I, [2014-01-27T15:57:44.447994 #4247]  INFO -- : 0:  sass (3.2.14) from /Users/fredguth/.rvm/gems/ruby-2.1.0/specifications/sass-3.2.14.gemspec
I, [2014-01-27T15:57:44.448312 #4247]  INFO -- : 0:  sass-rails (4.0.1) from /Users/fredguth/.rvm/gems/ruby-2.1.0/specifications/sass-rails-4.0.1.gemspec
I, [2014-01-27T15:57:44.448630 #4247]  INFO -- : 0:  sdoc (0.4.0) from /Users/fredguth/.rvm/gems/ruby-2.1.0/specifications/sdoc-0.4.0.gemspec
I, [2014-01-27T15:57:44.448941 #4247]  INFO -- : 0:  seed_dump (3.1.0) from /Users/fredguth/.rvm/gems/ruby-2.1.0/specifications/seed_dump-3.1.0.gemspec
I, [2014-01-27T15:57:44.449266 #4247]  INFO -- : 0:  select2-rails (3.5.2) from /Users/fredguth/.rvm/gems/ruby-2.1.0/specifications/select2-rails-3.5.2.gemspec
I, [2014-01-27T15:57:44.449574 #4247]  INFO -- : 0:  therubyracer (0.12.0) from /Users/fredguth/.rvm/gems/ruby-2.1.0/specifications/therubyracer-0.12.0.gemspec
I, [2014-01-27T15:57:44.449889 #4247]  INFO -- : 0:  uglifier (2.4.0) from /Users/fredguth/.rvm/gems/ruby-2.1.0/specifications/uglifier-2.4.0.gemspec
I, [2014-01-27T15:57:44.453936 #4247]  INFO -- : 0:  url2png (0.1.2) from /Users/fredguth/.rvm/gems/ruby-2.1.0/bundler/gems/url2png-gem-061e31cba205/url2png.gemspec
I, [2014-01-27T15:57:48.281028 #4247]  INFO -- : 0:  wicked (1.0.2) from /Users/fredguth/.rvm/gems/ruby-2.1.0/specifications/wicked-1.0.2.gemspec
